running egg_info
writing ../../build/ros2_info/ros2_info.egg-info/PKG-INFO
writing dependency_links to ../../build/ros2_info/ros2_info.egg-info/dependency_links.txt
writing entry points to ../../build/ros2_info/ros2_info.egg-info/entry_points.txt
writing requirements to ../../build/ros2_info/ros2_info.egg-info/requires.txt
writing top-level names to ../../build/ros2_info/ros2_info.egg-info/top_level.txt
reading manifest file '../../build/ros2_info/ros2_info.egg-info/SOURCES.txt'
writing manifest file '../../build/ros2_info/ros2_info.egg-info/SOURCES.txt'
running build
running build_py
copying fetch_info/web.py -> /home/zang/ros2/ros2_info/build/ros2_info/build/lib/fetch_info
copying fetch_info/__init__.py -> /home/zang/ros2/ros2_info/build/ros2_info/build/lib/fetch_info
copying fetch_info/cli.py -> /home/zang/ros2/ros2_info/build/ros2_info/build/lib/fetch_info
copying fetch_info/collector/__init__.py -> /home/zang/ros2/ros2_info/build/ros2_info/build/lib/fetch_info/collector
copying fetch_info/collector/workspace.py -> /home/zang/ros2/ros2_info/build/ros2_info/build/lib/fetch_info/collector
copying fetch_info/collector/ros2.py -> /home/zang/ros2/ros2_info/build/ros2_info/build/lib/fetch_info/collector
copying fetch_info/display/themes.py -> /home/zang/ros2/ros2_info/build/ros2_info/build/lib/fetch_info/display
copying fetch_info/display/__init__.py -> /home/zang/ros2/ros2_info/build/ros2_info/build/lib/fetch_info/display
copying fetch_info/display/panels.py -> /home/zang/ros2/ros2_info/build/ros2_info/build/lib/fetch_info/display
copying fetch_info/display/logo.py -> /home/zang/ros2/ros2_info/build/ros2_info/build/lib/fetch_info/display
copying fetch_info/templates/index.html -> /home/zang/ros2/ros2_info/build/ros2_info/build/lib/fetch_info/templates
running install
running install_lib
copying /home/zang/ros2/ros2_info/build/ros2_info/build/lib/fetch_info/templates/index.html -> /home/zang/ros2/ros2_info/install/ros2_info/lib/python3.12/site-packages/fetch_info/templates
copying /home/zang/ros2/ros2_info/build/ros2_info/build/lib/fetch_info/display/panels.py -> /home/zang/ros2/ros2_info/install/ros2_info/lib/python3.12/site-packages/fetch_info/display
copying /home/zang/ros2/ros2_info/build/ros2_info/build/lib/fetch_info/cli.py -> /home/zang/ros2/ros2_info/install/ros2_info/lib/python3.12/site-packages/fetch_info
byte-compiling /home/zang/ros2/ros2_info/install/ros2_info/lib/python3.12/site-packages/fetch_info/display/panels.py to panels.cpython-312.pyc
byte-compiling /home/zang/ros2/ros2_info/install/ros2_info/lib/python3.12/site-packages/fetch_info/cli.py to cli.cpython-312.pyc
running install_egg_info
removing '/home/zang/ros2/ros2_info/install/ros2_info/lib/python3.12/site-packages/ros2_info-1.0.0-py3.12.egg-info' (and everything under it)
Copying ../../build/ros2_info/ros2_info.egg-info to /home/zang/ros2/ros2_info/install/ros2_info/lib/python3.12/site-packages/ros2_info-1.0.0-py3.12.egg-info
running install_scripts
Installing ros2_info script to /home/zang/ros2/ros2_info/install/ros2_info/lib/ros2_info
writing list of installed files to '/home/zang/ros2/ros2_info/build/ros2_info/install.log'
