[1.549s] Invoking command in '/home/zang/ros2/ros2_info/src/ros2_fastfetch': PYTHONPATH=/home/zang/ros2/ros2_info/build/ros2_info/prefix_override:/usr/lib/python3/dist-packages/colcon_core/task/python/colcon_distutils_commands:/home/zang/ros2/ros2_info/install/ros2_info/lib/python3.12/site-packages:${PYTHONPATH} /usr/bin/python3 -W ignore:setup.py install is deprecated -W ignore:easy_install command is deprecated setup.py egg_info --egg-base ../../build/ros2_info build --build-base /home/zang/ros2/ros2_info/build/ros2_info/build install --record /home/zang/ros2/ros2_info/build/ros2_info/install.log --single-version-externally-managed
[2.137s] running egg_info
[2.182s] creating ../../build/ros2_info/ros2_info.egg-info
[2.182s] writing ../../build/ros2_info/ros2_info.egg-info/PKG-INFO
[2.183s] writing dependency_links to ../../build/ros2_info/ros2_info.egg-info/dependency_links.txt
[2.184s] writing entry points to ../../build/ros2_info/ros2_info.egg-info/entry_points.txt
[2.184s] writing requirements to ../../build/ros2_info/ros2_info.egg-info/requires.txt
[2.184s] writing top-level names to ../../build/ros2_info/ros2_info.egg-info/top_level.txt
[2.185s] writing manifest file '../../build/ros2_info/ros2_info.egg-info/SOURCES.txt'
[2.277s] reading manifest file '../../build/ros2_info/ros2_info.egg-info/SOURCES.txt'
[2.279s] writing manifest file '../../build/ros2_info/ros2_info.egg-info/SOURCES.txt'
[2.279s] running build
[2.280s] running build_py
[2.280s] creating /home/zang/ros2/ros2_info/build/ros2_info/build/lib/fetch_info
[2.280s] copying fetch_info/web.py -> /home/zang/ros2/ros2_info/build/ros2_info/build/lib/fetch_info
[2.281s] copying fetch_info/__init__.py -> /home/zang/ros2/ros2_info/build/ros2_info/build/lib/fetch_info
[2.281s] copying fetch_info/cli.py -> /home/zang/ros2/ros2_info/build/ros2_info/build/lib/fetch_info
[2.281s] creating /home/zang/ros2/ros2_info/build/ros2_info/build/lib/fetch_info/collector
[2.281s] copying fetch_info/collector/__init__.py -> /home/zang/ros2/ros2_info/build/ros2_info/build/lib/fetch_info/collector
[2.282s] copying fetch_info/collector/system.py -> /home/zang/ros2/ros2_info/build/ros2_info/build/lib/fetch_info/collector
[2.282s] copying fetch_info/collector/workspace.py -> /home/zang/ros2/ros2_info/build/ros2_info/build/lib/fetch_info/collector
[2.282s] copying fetch_info/collector/ros2.py -> /home/zang/ros2/ros2_info/build/ros2_info/build/lib/fetch_info/collector
[2.282s] creating /home/zang/ros2/ros2_info/build/ros2_info/build/lib/fetch_info/display
[2.282s] copying fetch_info/display/themes.py -> /home/zang/ros2/ros2_info/build/ros2_info/build/lib/fetch_info/display
[2.283s] copying fetch_info/display/__init__.py -> /home/zang/ros2/ros2_info/build/ros2_info/build/lib/fetch_info/display
[2.283s] copying fetch_info/display/panels.py -> /home/zang/ros2/ros2_info/build/ros2_info/build/lib/fetch_info/display
[2.283s] copying fetch_info/display/logo.py -> /home/zang/ros2/ros2_info/build/ros2_info/build/lib/fetch_info/display
[2.284s] /home/zang/.local/lib/python3.12/site-packages/setuptools/command/build_py.py:215: _Warning: Package 'fetch_info.templates' is absent from the `packages` configuration.
[2.284s] !!
[2.285s] 
[2.285s]         ********************************************************************************
[2.285s]         ############################
[2.285s]         # Package would be ignored #
[2.285s]         ############################
[2.285s]         Python recognizes 'fetch_info.templates' as an importable package[^1],
[2.285s]         but it is absent from setuptools' `packages` configuration.
[2.286s] 
[2.286s]         This leads to an ambiguous overall configuration. If you want to distribute this
[2.286s]         package, please make sure that 'fetch_info.templates' is explicitly added
[2.286s]         to the `packages` configuration field.
[2.286s] 
[2.286s]         Alternatively, you can also rely on setuptools' discovery methods
[2.286s]         (for example by using `find_namespace_packages(...)`/`find_namespace:`
[2.287s]         instead of `find_packages(...)`/`find:`).
[2.287s] 
[2.287s]         You can read more about "package discovery" on setuptools documentation page:
[2.287s] 
[2.287s]         - https://setuptools.pypa.io/en/latest/userguide/package_discovery.html
[2.288s] 
[2.288s]         If you don't want 'fetch_info.templates' to be distributed and are
[2.288s]         already explicitly excluding 'fetch_info.templates' via
[2.288s]         `find_namespace_packages(...)/find_namespace` or `find_packages(...)/find`,
[2.288s]         you can try to use `exclude_package_data`, or `include-package-data=False` in
[2.288s]         combination with a more fine grained `package-data` configuration.
[2.288s] 
[2.288s]         You can read more about "package data files" on setuptools documentation page:
[2.289s] 
[2.289s]         - https://setuptools.pypa.io/en/latest/userguide/datafiles.html
[2.289s] 
[2.289s] 
[2.289s]         [^1]: For Python, any directory (with suitable naming) can be imported,
[2.289s]               even if it does not contain any `.py` files.
[2.289s]               On the other hand, currently there is no concept of package data
[2.289s]               directory, all directories are treated like packages.
[2.290s]         ********************************************************************************
[2.290s] 
[2.290s] !!
[2.290s]   check.warn(importable)
[2.290s] creating /home/zang/ros2/ros2_info/build/ros2_info/build/lib/fetch_info/templates
[2.290s] copying fetch_info/templates/index.html -> /home/zang/ros2/ros2_info/build/ros2_info/build/lib/fetch_info/templates
[2.290s] running install
[2.297s] running install_lib
[2.342s] creating /home/zang/ros2/ros2_info/install/ros2_info/lib/python3.12/site-packages/fetch_info
[2.342s] creating /home/zang/ros2/ros2_info/install/ros2_info/lib/python3.12/site-packages/fetch_info/collector
[2.342s] copying /home/zang/ros2/ros2_info/build/ros2_info/build/lib/fetch_info/collector/__init__.py -> /home/zang/ros2/ros2_info/install/ros2_info/lib/python3.12/site-packages/fetch_info/collector
[2.342s] copying /home/zang/ros2/ros2_info/build/ros2_info/build/lib/fetch_info/collector/system.py -> /home/zang/ros2/ros2_info/install/ros2_info/lib/python3.12/site-packages/fetch_info/collector
[2.342s] copying /home/zang/ros2/ros2_info/build/ros2_info/build/lib/fetch_info/collector/workspace.py -> /home/zang/ros2/ros2_info/install/ros2_info/lib/python3.12/site-packages/fetch_info/collector
[2.343s] copying /home/zang/ros2/ros2_info/build/ros2_info/build/lib/fetch_info/collector/ros2.py -> /home/zang/ros2/ros2_info/install/ros2_info/lib/python3.12/site-packages/fetch_info/collector
[2.343s] copying /home/zang/ros2/ros2_info/build/ros2_info/build/lib/fetch_info/web.py -> /home/zang/ros2/ros2_info/install/ros2_info/lib/python3.12/site-packages/fetch_info
[2.343s] creating /home/zang/ros2/ros2_info/install/ros2_info/lib/python3.12/site-packages/fetch_info/templates
[2.343s] copying /home/zang/ros2/ros2_info/build/ros2_info/build/lib/fetch_info/templates/index.html -> /home/zang/ros2/ros2_info/install/ros2_info/lib/python3.12/site-packages/fetch_info/templates
[2.343s] creating /home/zang/ros2/ros2_info/install/ros2_info/lib/python3.12/site-packages/fetch_info/display
[2.344s] copying /home/zang/ros2/ros2_info/build/ros2_info/build/lib/fetch_info/display/themes.py -> /home/zang/ros2/ros2_info/install/ros2_info/lib/python3.12/site-packages/fetch_info/display
[2.344s] copying /home/zang/ros2/ros2_info/build/ros2_info/build/lib/fetch_info/display/__init__.py -> /home/zang/ros2/ros2_info/install/ros2_info/lib/python3.12/site-packages/fetch_info/display
[2.344s] copying /home/zang/ros2/ros2_info/build/ros2_info/build/lib/fetch_info/display/panels.py -> /home/zang/ros2/ros2_info/install/ros2_info/lib/python3.12/site-packages/fetch_info/display
[2.344s] copying /home/zang/ros2/ros2_info/build/ros2_info/build/lib/fetch_info/display/logo.py -> /home/zang/ros2/ros2_info/install/ros2_info/lib/python3.12/site-packages/fetch_info/display
[2.344s] copying /home/zang/ros2/ros2_info/build/ros2_info/build/lib/fetch_info/__init__.py -> /home/zang/ros2/ros2_info/install/ros2_info/lib/python3.12/site-packages/fetch_info
[2.345s] copying /home/zang/ros2/ros2_info/build/ros2_info/build/lib/fetch_info/cli.py -> /home/zang/ros2/ros2_info/install/ros2_info/lib/python3.12/site-packages/fetch_info
[2.345s] byte-compiling /home/zang/ros2/ros2_info/install/ros2_info/lib/python3.12/site-packages/fetch_info/collector/__init__.py to __init__.cpython-312.pyc
[2.346s] byte-compiling /home/zang/ros2/ros2_info/install/ros2_info/lib/python3.12/site-packages/fetch_info/collector/system.py to system.cpython-312.pyc
[2.350s] byte-compiling /home/zang/ros2/ros2_info/install/ros2_info/lib/python3.12/site-packages/fetch_info/collector/workspace.py to workspace.cpython-312.pyc
[2.354s] byte-compiling /home/zang/ros2/ros2_info/install/ros2_info/lib/python3.12/site-packages/fetch_info/collector/ros2.py to ros2.cpython-312.pyc
[2.360s] byte-compiling /home/zang/ros2/ros2_info/install/ros2_info/lib/python3.12/site-packages/fetch_info/web.py to web.cpython-312.pyc
[2.363s] byte-compiling /home/zang/ros2/ros2_info/install/ros2_info/lib/python3.12/site-packages/fetch_info/display/themes.py to themes.cpython-312.pyc
[2.364s] byte-compiling /home/zang/ros2/ros2_info/install/ros2_info/lib/python3.12/site-packages/fetch_info/display/__init__.py to __init__.cpython-312.pyc
[2.364s] byte-compiling /home/zang/ros2/ros2_info/install/ros2_info/lib/python3.12/site-packages/fetch_info/display/panels.py to panels.cpython-312.pyc
[2.371s] byte-compiling /home/zang/ros2/ros2_info/install/ros2_info/lib/python3.12/site-packages/fetch_info/display/logo.py to logo.cpython-312.pyc
[2.372s] byte-compiling /home/zang/ros2/ros2_info/install/ros2_info/lib/python3.12/site-packages/fetch_info/__init__.py to __init__.cpython-312.pyc
[2.372s] byte-compiling /home/zang/ros2/ros2_info/install/ros2_info/lib/python3.12/site-packages/fetch_info/cli.py to cli.cpython-312.pyc
[2.378s] running install_egg_info
[2.423s] Copying ../../build/ros2_info/ros2_info.egg-info to /home/zang/ros2/ros2_info/install/ros2_info/lib/python3.12/site-packages/ros2_info-1.0.0-py3.12.egg-info
[2.424s] running install_scripts
[2.524s] Installing ros2_info script to /home/zang/ros2/ros2_info/install/ros2_info/lib/ros2_info
[2.525s] writing list of installed files to '/home/zang/ros2/ros2_info/build/ros2_info/install.log'
[2.578s] Invoked command in '/home/zang/ros2/ros2_info/src/ros2_fastfetch' returned '0': PYTHONPATH=/home/zang/ros2/ros2_info/build/ros2_info/prefix_override:/usr/lib/python3/dist-packages/colcon_core/task/python/colcon_distutils_commands:/home/zang/ros2/ros2_info/install/ros2_info/lib/python3.12/site-packages:${PYTHONPATH} /usr/bin/python3 -W ignore:setup.py install is deprecated -W ignore:easy_install command is deprecated setup.py egg_info --egg-base ../../build/ros2_info build --build-base /home/zang/ros2/ros2_info/build/ros2_info/build install --record /home/zang/ros2/ros2_info/build/ros2_info/install.log --single-version-externally-managed
