[1.687s] Invoking command in '/home/zang/ros2/ros2_info/src/ros2_fastfetch': PYTHONPATH=/home/zang/ros2/ros2_info/build/ros2_info/prefix_override:/usr/lib/python3/dist-packages/colcon_core/task/python/colcon_distutils_commands:/home/zang/ros2/ros2_info/install/ros2_info/lib/python3.12/site-packages:${PYTHONPATH} /usr/bin/python3 -W ignore:setup.py install is deprecated -W ignore:easy_install command is deprecated setup.py egg_info --egg-base ../../build/ros2_info build --build-base /home/zang/ros2/ros2_info/build/ros2_info/build install --record /home/zang/ros2/ros2_info/build/ros2_info/install.log --single-version-externally-managed
[2.354s] running egg_info
[2.413s] writing ../../build/ros2_info/ros2_info.egg-info/PKG-INFO
[2.415s] writing dependency_links to ../../build/ros2_info/ros2_info.egg-info/dependency_links.txt
[2.415s] writing entry points to ../../build/ros2_info/ros2_info.egg-info/entry_points.txt
[2.416s] writing requirements to ../../build/ros2_info/ros2_info.egg-info/requires.txt
[2.416s] writing top-level names to ../../build/ros2_info/ros2_info.egg-info/top_level.txt
[2.525s] reading manifest file '../../build/ros2_info/ros2_info.egg-info/SOURCES.txt'
[2.528s] writing manifest file '../../build/ros2_info/ros2_info.egg-info/SOURCES.txt'
[2.528s] running build
[2.528s] running build_py
[2.529s] copying fetch_info/web.py -> /home/zang/ros2/ros2_info/build/ros2_info/build/lib/fetch_info
[2.529s] copying fetch_info/__init__.py -> /home/zang/ros2/ros2_info/build/ros2_info/build/lib/fetch_info
[2.530s] copying fetch_info/cli.py -> /home/zang/ros2/ros2_info/build/ros2_info/build/lib/fetch_info
[2.531s] copying fetch_info/collector/__init__.py -> /home/zang/ros2/ros2_info/build/ros2_info/build/lib/fetch_info/collector
[2.531s] copying fetch_info/collector/workspace.py -> /home/zang/ros2/ros2_info/build/ros2_info/build/lib/fetch_info/collector
[2.532s] copying fetch_info/collector/ros2.py -> /home/zang/ros2/ros2_info/build/ros2_info/build/lib/fetch_info/collector
[2.533s] copying fetch_info/display/themes.py -> /home/zang/ros2/ros2_info/build/ros2_info/build/lib/fetch_info/display
[2.533s] copying fetch_info/display/__init__.py -> /home/zang/ros2/ros2_info/build/ros2_info/build/lib/fetch_info/display
[2.534s] copying fetch_info/display/panels.py -> /home/zang/ros2/ros2_info/build/ros2_info/build/lib/fetch_info/display
[2.534s] copying fetch_info/display/logo.py -> /home/zang/ros2/ros2_info/build/ros2_info/build/lib/fetch_info/display
[2.536s] /home/zang/.local/lib/python3.12/site-packages/setuptools/command/build_py.py:215: _Warning: Package 'fetch_info.templates' is absent from the `packages` configuration.
[2.536s] !!
[2.537s] 
[2.537s]         ********************************************************************************
[2.537s]         ############################
[2.537s]         # Package would be ignored #
[2.537s]         ############################
[2.538s]         Python recognizes 'fetch_info.templates' as an importable package[^1],
[2.538s]         but it is absent from setuptools' `packages` configuration.
[2.538s] 
[2.538s]         This leads to an ambiguous overall configuration. If you want to distribute this
[2.538s]         package, please make sure that 'fetch_info.templates' is explicitly added
[2.538s]         to the `packages` configuration field.
[2.538s] 
[2.539s]         Alternatively, you can also rely on setuptools' discovery methods
[2.539s]         (for example by using `find_namespace_packages(...)`/`find_namespace:`
[2.539s]         instead of `find_packages(...)`/`find:`).
[2.539s] 
[2.539s]         You can read more about "package discovery" on setuptools documentation page:
[2.540s] 
[2.540s]         - https://setuptools.pypa.io/en/latest/userguide/package_discovery.html
[2.540s] 
[2.540s]         If you don't want 'fetch_info.templates' to be distributed and are
[2.540s]         already explicitly excluding 'fetch_info.templates' via
[2.540s]         `find_namespace_packages(...)/find_namespace` or `find_packages(...)/find`,
[2.540s]         you can try to use `exclude_package_data`, or `include-package-data=False` in
[2.541s]         combination with a more fine grained `package-data` configuration.
[2.541s] 
[2.541s]         You can read more about "package data files" on setuptools documentation page:
[2.541s] 
[2.541s]         - https://setuptools.pypa.io/en/latest/userguide/datafiles.html
[2.541s] 
[2.542s] 
[2.542s]         [^1]: For Python, any directory (with suitable naming) can be imported,
[2.542s]               even if it does not contain any `.py` files.
[2.542s]               On the other hand, currently there is no concept of package data
[2.542s]               directory, all directories are treated like packages.
[2.542s]         ********************************************************************************
[2.542s] 
[2.543s] !!
[2.543s]   check.warn(importable)
[2.543s] copying fetch_info/templates/index.html -> /home/zang/ros2/ros2_info/build/ros2_info/build/lib/fetch_info/templates
[2.543s] running install
[2.563s] running install_lib
[2.615s] copying /home/zang/ros2/ros2_info/build/ros2_info/build/lib/fetch_info/display/panels.py -> /home/zang/ros2/ros2_info/install/ros2_info/lib/python3.12/site-packages/fetch_info/display
[2.615s] copying /home/zang/ros2/ros2_info/build/ros2_info/build/lib/fetch_info/display/logo.py -> /home/zang/ros2/ros2_info/install/ros2_info/lib/python3.12/site-packages/fetch_info/display
[2.616s] copying /home/zang/ros2/ros2_info/build/ros2_info/build/lib/fetch_info/cli.py -> /home/zang/ros2/ros2_info/install/ros2_info/lib/python3.12/site-packages/fetch_info
[2.618s] byte-compiling /home/zang/ros2/ros2_info/install/ros2_info/lib/python3.12/site-packages/fetch_info/display/panels.py to panels.cpython-312.pyc
[2.627s] byte-compiling /home/zang/ros2/ros2_info/install/ros2_info/lib/python3.12/site-packages/fetch_info/display/logo.py to logo.cpython-312.pyc
[2.629s] byte-compiling /home/zang/ros2/ros2_info/install/ros2_info/lib/python3.12/site-packages/fetch_info/cli.py to cli.cpython-312.pyc
[2.636s] running install_egg_info
[2.686s] removing '/home/zang/ros2/ros2_info/install/ros2_info/lib/python3.12/site-packages/ros2_info-1.0.0-py3.12.egg-info' (and everything under it)
[2.686s] Copying ../../build/ros2_info/ros2_info.egg-info to /home/zang/ros2/ros2_info/install/ros2_info/lib/python3.12/site-packages/ros2_info-1.0.0-py3.12.egg-info
[2.688s] running install_scripts
[2.792s] Installing ros2_info script to /home/zang/ros2/ros2_info/install/ros2_info/lib/ros2_info
[2.794s] writing list of installed files to '/home/zang/ros2/ros2_info/build/ros2_info/install.log'
[2.849s] Invoked command in '/home/zang/ros2/ros2_info/src/ros2_fastfetch' returned '0': PYTHONPATH=/home/zang/ros2/ros2_info/build/ros2_info/prefix_override:/usr/lib/python3/dist-packages/colcon_core/task/python/colcon_distutils_commands:/home/zang/ros2/ros2_info/install/ros2_info/lib/python3.12/site-packages:${PYTHONPATH} /usr/bin/python3 -W ignore:setup.py install is deprecated -W ignore:easy_install command is deprecated setup.py egg_info --egg-base ../../build/ros2_info build --build-base /home/zang/ros2/ros2_info/build/ros2_info/build install --record /home/zang/ros2/ros2_info/build/ros2_info/install.log --single-version-externally-managed
