/home/zang/ros2/ros2_info/install/ros2_info/lib/python3.12/site-packages/fetch_info/web.py
/home/zang/ros2/ros2_info/install/ros2_info/lib/python3.12/site-packages/fetch_info/__init__.py
/home/zang/ros2/ros2_info/install/ros2_info/lib/python3.12/site-packages/fetch_info/cli.py
/home/zang/ros2/ros2_info/install/ros2_info/lib/python3.12/site-packages/fetch_info/collector/__init__.py
/home/zang/ros2/ros2_info/install/ros2_info/lib/python3.12/site-packages/fetch_info/collector/system.py
/home/zang/ros2/ros2_info/install/ros2_info/lib/python3.12/site-packages/fetch_info/collector/workspace.py
/home/zang/ros2/ros2_info/install/ros2_info/lib/python3.12/site-packages/fetch_info/collector/ros2.py
/home/zang/ros2/ros2_info/install/ros2_info/lib/python3.12/site-packages/fetch_info/display/themes.py
/home/zang/ros2/ros2_info/install/ros2_info/lib/python3.12/site-packages/fetch_info/display/__init__.py
/home/zang/ros2/ros2_info/install/ros2_info/lib/python3.12/site-packages/fetch_info/display/panels.py
/home/zang/ros2/ros2_info/install/ros2_info/lib/python3.12/site-packages/fetch_info/display/logo.py
/home/zang/ros2/ros2_info/install/ros2_info/lib/python3.12/site-packages/fetch_info/templates/index.html
/home/zang/ros2/ros2_info/install/ros2_info/lib/python3.12/site-packages/fetch_info/__pycache__/web.cpython-312.pyc
/home/zang/ros2/ros2_info/install/ros2_info/lib/python3.12/site-packages/fetch_info/__pycache__/__init__.cpython-312.pyc
/home/zang/ros2/ros2_info/install/ros2_info/lib/python3.12/site-packages/fetch_info/__pycache__/cli.cpython-312.pyc
/home/zang/ros2/ros2_info/install/ros2_info/lib/python3.12/site-packages/fetch_info/collector/__pycache__/__init__.cpython-312.pyc
/home/zang/ros2/ros2_info/install/ros2_info/lib/python3.12/site-packages/fetch_info/collector/__pycache__/system.cpython-312.pyc
/home/zang/ros2/ros2_info/install/ros2_info/lib/python3.12/site-packages/fetch_info/collector/__pycache__/workspace.cpython-312.pyc
/home/zang/ros2/ros2_info/install/ros2_info/lib/python3.12/site-packages/fetch_info/collector/__pycache__/ros2.cpython-312.pyc
/home/zang/ros2/ros2_info/install/ros2_info/lib/python3.12/site-packages/fetch_info/display/__pycache__/themes.cpython-312.pyc
/home/zang/ros2/ros2_info/install/ros2_info/lib/python3.12/site-packages/fetch_info/display/__pycache__/__init__.cpython-312.pyc
/home/zang/ros2/ros2_info/install/ros2_info/lib/python3.12/site-packages/fetch_info/display/__pycache__/panels.cpython-312.pyc
/home/zang/ros2/ros2_info/install/ros2_info/lib/python3.12/site-packages/fetch_info/display/__pycache__/logo.cpython-312.pyc
/home/zang/ros2/ros2_info/install/ros2_info/lib/python3.12/site-packages/ros2_info-1.0.0-py3.12.egg-info/dependency_links.txt
/home/zang/ros2/ros2_info/install/ros2_info/lib/python3.12/site-packages/ros2_info-1.0.0-py3.12.egg-info/PKG-INFO
/home/zang/ros2/ros2_info/install/ros2_info/lib/python3.12/site-packages/ros2_info-1.0.0-py3.12.egg-info/entry_points.txt
/home/zang/ros2/ros2_info/install/ros2_info/lib/python3.12/site-packages/ros2_info-1.0.0-py3.12.egg-info/requires.txt
/home/zang/ros2/ros2_info/install/ros2_info/lib/python3.12/site-packages/ros2_info-1.0.0-py3.12.egg-info/top_level.txt
/home/zang/ros2/ros2_info/install/ros2_info/lib/python3.12/site-packages/ros2_info-1.0.0-py3.12.egg-info/SOURCES.txt
/home/zang/ros2/ros2_info/install/ros2_info/lib/ros2_info/ros2_info
